2025-10-29 15:32:16.996 [vert.x-eventloop-thread-1] INFO  com.gameserver.Main - 游戏服务器启动成功，部署ID: 30128c78-3d05-42b6-8bd8-7eefe809d2de
2025-10-29 15:32:17.000 [vert.x-eventloop-thread-0] ERROR com.gameserver.GameServerVerticle - 游戏服务器启动失败
java.net.BindException: Address already in use: bind
	at sun.nio.ch.Net.bind0(Native Method)
	at sun.nio.ch.Net.bind(Net.java:433)
	at sun.nio.ch.Net.bind(Net.java:425)
	at sun.nio.ch.ServerSocketChannelImpl.bind(ServerSocketChannelImpl.java:223)
	at io.netty.channel.socket.nio.NioServerSocketChannel.doBind(NioServerSocketChannel.java:141)
	at io.netty.channel.AbstractChannel$AbstractUnsafe.bind(AbstractChannel.java:562)
	at io.netty.channel.DefaultChannelPipeline$HeadContext.bind(DefaultChannelPipeline.java:1334)
	at io.netty.channel.AbstractChannelHandlerContext.invokeBind(AbstractChannelHandlerContext.java:600)
	at io.netty.channel.AbstractChannelHandlerContext.bind(AbstractChannelHandlerContext.java:579)
	at io.netty.channel.DefaultChannelPipeline.bind(DefaultChannelPipeline.java:973)
	at io.netty.channel.AbstractChannel.bind(AbstractChannel.java:260)
	at io.netty.bootstrap.AbstractBootstrap$2.run(AbstractBootstrap.java:356)
	at io.netty.util.concurrent.AbstractEventExecutor.runTask(AbstractEventExecutor.java:174)
	at io.netty.util.concurrent.AbstractEventExecutor.safeExecute(AbstractEventExecutor.java:167)
	at io.netty.util.concurrent.SingleThreadEventExecutor.runAllTasks(SingleThreadEventExecutor.java:470)
	at io.netty.channel.nio.NioEventLoop.run(NioEventLoop.java:569)
	at io.netty.util.concurrent.SingleThreadEventExecutor$4.run(SingleThreadEventExecutor.java:997)
	at io.netty.util.internal.ThreadExecutorMap$2.run(ThreadExecutorMap.java:74)
	at io.netty.util.concurrent.FastThreadLocalRunnable.run(FastThreadLocalRunnable.java:30)
	at java.lang.Thread.run(Thread.java:748)
2025-10-29 15:33:01.593 [Thread-4] INFO  com.gameserver.Main - 正在关闭游戏服务器...
2025-10-29 15:33:01.596 [Thread-4] INFO  com.gameserver.Main - 游戏服务器已关闭
2025-10-29 15:33:22.049 [vert.x-eventloop-thread-1] INFO  com.gameserver.Main - 游戏服务器启动成功，部署ID: cc6fd309-5541-42d2-aec3-b95b99087fcd
2025-10-29 15:33:22.053 [vert.x-eventloop-thread-0] INFO  com.gameserver.GameServerVerticle - 游戏服务器已启动，监听端口: 9090
2025-10-29 15:33:22.065 [vert.x-eventloop-thread-0] INFO  com.gameserver.GameServerVerticle - HTTP API服务已启动，监听端口: 9091
2025-10-29 15:34:43.408 [main] INFO  com.gameserver.client.GameClient - 正在连接到服务器 localhost:8080
2025-10-29 15:34:43.510 [vert.x-eventloop-thread-0] INFO  com.gameserver.client.GameClient - 成功连接到服务器
2025-10-29 15:34:51.758 [vert.x-eventloop-thread-0] INFO  com.gameserver.client.GameClient - 与服务器的连接已关闭
2025-10-29 15:34:52.763 [Thread-4] INFO  com.gameserver.client.GameClient - 客户端已关闭
2025-10-29 15:34:55.982 [main] INFO  com.gameserver.client.GameClient - 正在连接到服务器 localhost:8080
2025-10-29 15:34:56.084 [vert.x-eventloop-thread-0] INFO  com.gameserver.client.GameClient - 成功连接到服务器
2025-10-29 15:35:18.190 [vert.x-eventloop-thread-0] INFO  com.gameserver.client.GameClient - 与服务器的连接已关闭
2025-10-29 15:35:19.205 [Thread-4] INFO  com.gameserver.client.GameClient - 客户端已关闭
2025-10-29 15:35:21.362 [main] INFO  com.gameserver.client.GameClient - 正在连接到服务器 localhost:8080
2025-10-29 15:35:21.468 [vert.x-eventloop-thread-0] INFO  com.gameserver.client.GameClient - 成功连接到服务器
2025-10-29 15:36:40.127 [vert.x-eventloop-thread-0] INFO  com.gameserver.client.GameClient - 与服务器的连接已关闭
2025-10-29 15:36:41.144 [Thread-4] INFO  com.gameserver.client.GameClient - 客户端已关闭
2025-10-29 16:01:22.599 [vert.x-eventloop-thread-1] INFO  com.gameserver.Main - 游戏服务器启动成功，部署ID: 9d5a556a-f379-417f-8726-7e6908230a7e
2025-10-29 16:01:22.603 [vert.x-eventloop-thread-0] INFO  com.gameserver.GameServerVerticle - 游戏服务器已启动，监听端口: 9090
2025-10-29 16:01:22.617 [vert.x-eventloop-thread-0] INFO  com.gameserver.GameServerVerticle - HTTP API服务已启动，监听端口: 9091
2025-10-29 16:01:44.027 [main] INFO  com.gameserver.client.GameClient - 正在连接到服务器 localhost:9090
2025-10-29 16:01:44.130 [vert.x-eventloop-thread-0] INFO  com.gameserver.GameServerVerticle - 新玩家连接: 2ff5a7fd-8ddb-4ce6-9f89-7dc6d368ccf3, 当前在线人数: 1
2025-10-29 16:01:44.135 [vert.x-eventloop-thread-0] INFO  com.gameserver.client.GameClient - 成功连接到服务器
2025-10-29 16:08:22.622 [vert.x-eventloop-thread-0] INFO  com.gameserver.GameServerVerticle - 玩家 2ff5a7fd-8ddb-4ce6-9f89-7dc6d368ccf3 超时，断开连接
2025-10-29 16:08:22.625 [vert.x-eventloop-thread-0] INFO  com.gameserver.GameServerVerticle - 玩家断开连接: 2ff5a7fd-8ddb-4ce6-9f89-7dc6d368ccf3, 当前在线人数: 0
2025-10-29 16:08:22.625 [vert.x-eventloop-thread-0] INFO  com.gameserver.client.GameClient - 与服务器的连接已关闭
2025-10-29 16:08:23.629 [Thread-4] INFO  com.gameserver.client.GameClient - 客户端已关闭
2025-10-29 16:16:11.540 [vert.x-eventloop-thread-0] INFO  com.gameserver.GameServerVerticle - 新玩家连接: ce559e89-b591-45c3-9553-459cc842946a, 当前在线人数: 1
2025-10-29 16:16:50.360 [vert.x-eventloop-thread-0] INFO  com.gameserver.GameServerVerticle - 玩家断开连接: ce559e89-b591-45c3-9553-459cc842946a, 当前在线人数: 0
2025-10-29 16:16:53.809 [vert.x-eventloop-thread-0] INFO  com.gameserver.GameServerVerticle - 新玩家连接: 898f7d11-a9f0-48ae-9db3-74387bec0d28, 当前在线人数: 1
2025-10-29 16:17:03.290 [vert.x-eventloop-thread-0] INFO  com.gameserver.GameServerVerticle - 玩家断开连接: 898f7d11-a9f0-48ae-9db3-74387bec0d28, 当前在线人数: 0
2025-10-29 16:17:06.078 [vert.x-eventloop-thread-0] INFO  com.gameserver.GameServerVerticle - 新玩家连接: 8c0bee07-5f94-4a9c-a4d5-3219132affd5, 当前在线人数: 1
2025-10-29 16:17:53.196 [vert.x-eventloop-thread-0] INFO  com.gameserver.GameServerVerticle - 玩家断开连接: 8c0bee07-5f94-4a9c-a4d5-3219132affd5, 当前在线人数: 0
2025-10-29 16:18:03.822 [vert.x-eventloop-thread-0] INFO  com.gameserver.GameServerVerticle - 新玩家连接: 91a7b50e-10de-43a3-8457-e300e1ab1fad, 当前在线人数: 1
2025-10-29 16:24:22.618 [vert.x-eventloop-thread-0] INFO  com.gameserver.GameServerVerticle - 玩家 91a7b50e-10de-43a3-8457-e300e1ab1fad 超时，断开连接
2025-10-29 16:24:22.619 [vert.x-eventloop-thread-0] INFO  com.gameserver.GameServerVerticle - 玩家断开连接: 91a7b50e-10de-43a3-8457-e300e1ab1fad, 当前在线人数: 0
2025-10-29 16:42:52.038 [vert.x-eventloop-thread-0] INFO  com.gameserver.GameServerVerticle - 新玩家连接: 53b024c4-1dc0-482d-b57f-7a1df092ea64, 当前在线人数: 1
2025-10-29 16:54:22.619 [vert.x-eventloop-thread-0] INFO  com.gameserver.GameServerVerticle - 玩家 53b024c4-1dc0-482d-b57f-7a1df092ea64 超时，断开连接
2025-10-29 16:54:22.620 [vert.x-eventloop-thread-0] INFO  com.gameserver.GameServerVerticle - 玩家断开连接: 53b024c4-1dc0-482d-b57f-7a1df092ea64, 当前在线人数: 0
